<?xml version="1.0" encoding="UTF-8"?>
<!-- Generated by org.testng.reporters.JUnitReportReporter -->
<testsuite skipped="0" hostname="DESKTOP-N60QB27" name="request.GetRequest4" tests="1" failures="0" timestamp="2022-12-21T15:53:54 IST" time="2.806" errors="0">
  <testcase name="getRequest" time="2.806" classname="request.GetRequest4"/>
  <system-out/>
</testsuite> <!-- request.GetRequest4 -->
