<?xml version="1.0" encoding="UTF-8"?>
<!-- Generated by org.testng.reporters.JUnitReportReporter -->
<testsuite skipped="0" hostname="DESKTOP-N60QB27" name="ExtractNodeUsingJsonPath.GetRequest4" tests="1" failures="0" timestamp="2022-12-21T16:11:26 IST" time="5.252" errors="0">
  <testcase name="getRequest" time="5.252" classname="ExtractNodeUsingJsonPath.GetRequest4"/>
  <system-out/>
</testsuite> <!-- ExtractNodeUsingJsonPath.GetRequest4 -->
