<?xml version="1.0" encoding="UTF-8"?>
<!-- Generated by org.testng.reporters.JUnitReportReporter -->
<testsuite skipped="0" hostname="DESKTOP-N60QB27" name="request.GetRequest2" tests="1" failures="0" timestamp="2022-12-21T18:19:55 IST" time="2.890" errors="0">
  <testcase name="getRequest" time="2.890" classname="request.GetRequest2"/>
  <system-out/>
</testsuite> <!-- request.GetRequest2 -->
