<?xml version="1.0" encoding="UTF-8"?>
<!-- Generated by org.testng.reporters.JUnitReportReporter -->
<testsuite skipped="0" hostname="DESKTOP-N60QB27" name="hamcrestTest.post" tests="1" failures="0" timestamp="2022-12-21T18:04:39 IST" time="3.407" errors="0">
  <testcase name="postTest" time="3.407" classname="hamcrestTest.post"/>
  <system-out/>
</testsuite> <!-- hamcrestTest.post -->
