<?xml version="1.0" encoding="UTF-8"?>
<!-- Generated by org.testng.reporters.JUnitReportReporter -->
<testsuite skipped="0" hostname="DESKTOP-N60QB27" name="request.GetRequest3" tests="1" failures="0" timestamp="2022-12-21T15:32:51 IST" time="2.795" errors="0">
  <testcase name="getRequest" time="2.795" classname="request.GetRequest3"/>
  <system-out/>
</testsuite> <!-- request.GetRequest3 -->
