<?xml version="1.0" encoding="UTF-8"?>
<!-- Generated by org.testng.reporters.JUnitReportReporter -->
<testsuite skipped="0" hostname="DESKTOP-N60QB27" name="ExtractNodeUsingJsonPath.DisplayAllNodes" tests="1" failures="0" timestamp="2022-12-21T17:50:14 IST" time="3.799" errors="0">
  <testcase name="getRequest" time="3.799" classname="ExtractNodeUsingJsonPath.DisplayAllNodes"/>
  <system-out/>
</testsuite> <!-- ExtractNodeUsingJsonPath.DisplayAllNodes -->
